2024-10-21 11:37:28,169 [Worker-0: Loading available Gradle versions] INFO  o.e.b.c.i.u.g.PublishedGradleVersions - Gradle version information cache is up-to-date. Trying to read.
2024-10-21 11:37:29,236 [Worker-2: EGit Hidden Resources Clean-up] ERROR o.e.m.c.i.p.r.ProjectRegistryReader - Can't read workspace state
java.io.InvalidClassException: org.eclipse.m2e.core.internal.project.registry.VersionlessKey; local class incompatible: stream classdesc serialVersionUID = 0, local class serialVersionUID = 2125977578206347429
	at java.base/java.io.ObjectStreamClass.initNonProxy(ObjectStreamClass.java:728)
	at java.base/java.io.ObjectInputStream.readNonProxyDesc(ObjectInputStream.java:2062)
	at java.base/java.io.ObjectInputStream.readClassDesc(ObjectInputStream.java:1909)
	at java.base/java.io.ObjectInputStream.readOrdinaryObject(ObjectInputStream.java:2235)
	at java.base/java.io.ObjectInputStream.readObject0(ObjectInputStream.java:1744)
	at java.base/java.io.ObjectInputStream$FieldValues.<init>(ObjectInputStream.java:2617)
	at java.base/java.io.ObjectInputStream.readSerialData(ObjectInputStream.java:2468)
	at java.base/java.io.ObjectInputStream.readOrdinaryObject(ObjectInputStream.java:2268)
	at java.base/java.io.ObjectInputStream.readObject0(ObjectInputStream.java:1744)
	at java.base/java.io.ObjectInputStream.readObject(ObjectInputStream.java:514)
	at java.base/java.io.ObjectInputStream.readObject(ObjectInputStream.java:472)
	at java.base/java.util.HashSet.readObject(HashSet.java:345)
	at java.base/jdk.internal.reflect.NativeMethodAccessorImpl.invoke0(Native Method)
	at java.base/jdk.internal.reflect.NativeMethodAccessorImpl.invoke(NativeMethodAccessorImpl.java:77)
	at java.base/jdk.internal.reflect.DelegatingMethodAccessorImpl.invoke(DelegatingMethodAccessorImpl.java:43)
	at java.base/java.lang.reflect.Method.invoke(Method.java:568)
	at java.base/java.io.ObjectStreamClass.invokeReadObject(ObjectStreamClass.java:1231)
	at java.base/java.io.ObjectInputStream.readSerialData(ObjectInputStream.java:2434)
	at java.base/java.io.ObjectInputStream.readOrdinaryObject(ObjectInputStream.java:2268)
	at java.base/java.io.ObjectInputStream.readObject0(ObjectInputStream.java:1744)
	at java.base/java.io.ObjectInputStream.readObject(ObjectInputStream.java:514)
	at java.base/java.io.ObjectInputStream.readObject(ObjectInputStream.java:472)
	at java.base/java.util.HashMap.readObject(HashMap.java:1552)
	at java.base/jdk.internal.reflect.NativeMethodAccessorImpl.invoke0(Native Method)
	at java.base/jdk.internal.reflect.NativeMethodAccessorImpl.invoke(NativeMethodAccessorImpl.java:77)
	at java.base/jdk.internal.reflect.DelegatingMethodAccessorImpl.invoke(DelegatingMethodAccessorImpl.java:43)
	at java.base/java.lang.reflect.Method.invoke(Method.java:568)
	at java.base/java.io.ObjectStreamClass.invokeReadObject(ObjectStreamClass.java:1231)
	at java.base/java.io.ObjectInputStream.readSerialData(ObjectInputStream.java:2434)
	at java.base/java.io.ObjectInputStream.readOrdinaryObject(ObjectInputStream.java:2268)
	at java.base/java.io.ObjectInputStream.readObject0(ObjectInputStream.java:1744)
	at java.base/java.io.ObjectInputStream$FieldValues.<init>(ObjectInputStream.java:2617)
	at java.base/java.io.ObjectInputStream.readSerialData(ObjectInputStream.java:2468)
	at java.base/java.io.ObjectInputStream.readOrdinaryObject(ObjectInputStream.java:2268)
	at java.base/java.io.ObjectInputStream.readObject0(ObjectInputStream.java:1744)
	at java.base/java.io.ObjectInputStream.readObject(ObjectInputStream.java:514)
	at java.base/java.io.ObjectInputStream.readObject(ObjectInputStream.java:472)
	at org.eclipse.m2e.core.internal.project.registry.ProjectRegistryReader.readWorkspaceState(ProjectRegistryReader.java:67)
	at org.eclipse.m2e.core.internal.project.registry.ProjectRegistryManager.<init>(ProjectRegistryManager.java:173)
	at org.eclipse.m2e.core.internal.MavenPluginActivator.start(MavenPluginActivator.java:218)
	at org.eclipse.osgi.internal.framework.BundleContextImpl$2.run(BundleContextImpl.java:813)
	at org.eclipse.osgi.internal.framework.BundleContextImpl$2.run(BundleContextImpl.java:1)
	at java.base/java.security.AccessController.doPrivileged(AccessController.java:569)
	at org.eclipse.osgi.internal.framework.BundleContextImpl.startActivator(BundleContextImpl.java:805)
	at org.eclipse.osgi.internal.framework.BundleContextImpl.start(BundleContextImpl.java:762)
	at org.eclipse.osgi.internal.framework.EquinoxBundle.startWorker0(EquinoxBundle.java:1032)
	at org.eclipse.osgi.internal.framework.EquinoxBundle$EquinoxModule.startWorker(EquinoxBundle.java:371)
	at org.eclipse.osgi.container.Module.doStart(Module.java:605)
	at org.eclipse.osgi.container.Module.start(Module.java:468)
	at org.eclipse.osgi.framework.util.SecureAction.start(SecureAction.java:513)
	at org.eclipse.osgi.internal.hooks.EclipseLazyStarter.postFindLocalClass(EclipseLazyStarter.java:117)
	at org.eclipse.osgi.internal.loader.classpath.ClasspathManager.findLocalClass(ClasspathManager.java:570)
	at org.eclipse.osgi.internal.loader.ModuleClassLoader.findLocalClass(ModuleClassLoader.java:335)
	at org.eclipse.osgi.internal.loader.BundleLoader.findLocalClass(BundleLoader.java:397)
	at org.eclipse.osgi.internal.loader.sources.SingleSourcePackage.loadClass(SingleSourcePackage.java:41)
	at org.eclipse.osgi.internal.loader.BundleLoader.findClass0(BundleLoader.java:484)
	at org.eclipse.osgi.internal.loader.BundleLoader.findClass(BundleLoader.java:416)
	at org.eclipse.osgi.internal.loader.ModuleClassLoader.loadClass(ModuleClassLoader.java:168)
	at java.base/java.lang.ClassLoader.loadClass(ClassLoader.java:520)
	at java.base/java.lang.Class.getDeclaredConstructors0(Native Method)
	at java.base/java.lang.Class.privateGetDeclaredConstructors(Class.java:3373)
	at java.base/java.lang.Class.getConstructor0(Class.java:3578)
	at java.base/java.lang.Class.getConstructor(Class.java:2271)
	at org.eclipse.osgi.internal.framework.BundleContextImpl.loadBundleActivator(BundleContextImpl.java:796)
	at org.eclipse.osgi.internal.framework.BundleContextImpl.start(BundleContextImpl.java:748)
	at org.eclipse.osgi.internal.framework.EquinoxBundle.startWorker0(EquinoxBundle.java:1032)
	at org.eclipse.osgi.internal.framework.EquinoxBundle$EquinoxModule.startWorker(EquinoxBundle.java:371)
	at org.eclipse.osgi.container.Module.doStart(Module.java:605)
	at org.eclipse.osgi.container.Module.start(Module.java:468)
	at org.eclipse.osgi.framework.util.SecureAction.start(SecureAction.java:513)
	at org.eclipse.osgi.internal.hooks.EclipseLazyStarter.postFindLocalClass(EclipseLazyStarter.java:117)
	at org.eclipse.osgi.internal.loader.classpath.ClasspathManager.findLocalClass(ClasspathManager.java:570)
	at org.eclipse.osgi.internal.loader.ModuleClassLoader.findLocalClass(ModuleClassLoader.java:335)
	at org.eclipse.osgi.internal.loader.BundleLoader.findLocalClass(BundleLoader.java:397)
	at org.eclipse.osgi.internal.loader.BundleLoader.findClass0(BundleLoader.java:488)
	at org.eclipse.osgi.internal.loader.BundleLoader.findClass(BundleLoader.java:416)
	at org.eclipse.osgi.internal.loader.ModuleClassLoader.loadClass(ModuleClassLoader.java:168)
	at java.base/java.lang.ClassLoader.loadClass(ClassLoader.java:520)
	at org.eclipse.osgi.internal.framework.EquinoxBundle.loadClass(EquinoxBundle.java:622)
	at org.eclipse.core.internal.registry.osgi.RegistryStrategyOSGI.createExecutableExtension(RegistryStrategyOSGI.java:196)
	at org.eclipse.core.internal.registry.ExtensionRegistry.createExecutableExtension(ExtensionRegistry.java:920)
	at org.eclipse.core.internal.registry.ConfigurationElement.createExecutableExtension(ConfigurationElement.java:246)
	at org.eclipse.core.internal.registry.ConfigurationElementHandle.createExecutableExtension(ConfigurationElementHandle.java:63)
	at org.eclipse.jdt.core.JavaCore.computeClasspathContainerInitializer(JavaCore.java:3830)
	at org.eclipse.jdt.core.JavaCore.getClasspathContainerInitializer(JavaCore.java:3806)
	at org.eclipse.jdt.internal.core.JavaModelManager.initializeContainer(JavaModelManager.java:3126)
	at org.eclipse.jdt.internal.core.JavaModelManager$10.run(JavaModelManager.java:3029)
	at org.eclipse.jdt.internal.core.JavaModelManager.initializeAllContainers(JavaModelManager.java:3089)
	at org.eclipse.jdt.internal.core.JavaModelManager.getClasspathContainer(JavaModelManager.java:2088)
	at org.eclipse.jdt.core.JavaCore.getClasspathContainer(JavaCore.java:3783)
	at org.eclipse.jdt.internal.core.JavaProject.resolveClasspath(JavaProject.java:3240)
	at org.eclipse.jdt.internal.core.JavaProject.resolveClasspath(JavaProject.java:3404)
	at org.eclipse.jdt.internal.core.ClasspathChange.generateDelta(ClasspathChange.java:243)
	at org.eclipse.jdt.internal.core.DeltaProcessor.resourceChanged(DeltaProcessor.java:2127)
	at org.eclipse.jdt.internal.core.DeltaProcessingState.resourceChanged(DeltaProcessingState.java:501)
	at org.eclipse.core.internal.events.NotificationManager$1.run(NotificationManager.java:305)
	at org.eclipse.core.runtime.SafeRunner.run(SafeRunner.java:45)
	at org.eclipse.core.internal.events.NotificationManager.notify(NotificationManager.java:295)
	at org.eclipse.core.internal.events.NotificationManager.broadcastChanges(NotificationManager.java:158)
	at org.eclipse.core.internal.resources.Workspace.broadcastPostChange(Workspace.java:381)
	at org.eclipse.core.internal.resources.Workspace.endOperation(Workspace.java:1505)
	at org.eclipse.core.internal.resources.Resource.delete(Resource.java:795)
	at org.eclipse.core.internal.resources.Project.delete(Project.java:321)
	at org.eclipse.egit.core.internal.efs.HiddenResources.openProject(HiddenResources.java:298)
	at org.eclipse.egit.core.internal.efs.HiddenResources.getHiddenProject(HiddenResources.java:274)
	at org.eclipse.egit.core.internal.efs.HiddenResources.initialize(HiddenResources.java:127)
	at org.eclipse.core.runtime.jobs.Job$2.run(Job.java:187)
	at org.eclipse.core.internal.jobs.Worker.run(Worker.java:63)
2024-10-21 11:37:31,367 [Worker-9: Building] INFO  o.e.m.c.i.l.LifecycleMappingFactory - Using org.eclipse.m2e.jdt.JarLifecycleMapping lifecycle mapping for MavenProject: es.ucm.fdi.gaia:MsPacManEngine:2.0.0 @ C:\Universidad\Cuarto Anyo Uni\TFG\Java\workSpace_Pacman_TFG\TFG-workspace\MsPacManEngine\pom.xml.
2024-10-21 11:37:31,956 [Worker-9: Building] WARN  o.e.m.c.i.embedder.EclipseLogger - Using platform encoding (Cp1252 actually) to copy filtered resources, i.e. build is platform dependent!
2024-10-21 11:37:31,962 [Worker-9: Building] INFO  o.e.m.c.i.embedder.EclipseLogger - Copying 61 resources
2024-10-21 11:37:31,972 [Worker-9: Building] WARN  o.e.m.c.i.embedder.EclipseLogger - Using platform encoding (Cp1252 actually) to copy filtered resources, i.e. build is platform dependent!
2024-10-21 11:37:31,973 [Worker-9: Building] INFO  o.e.m.c.i.embedder.EclipseLogger - skip non existing resourceDirectory C:\Universidad\Cuarto Anyo Uni\TFG\Java\workSpace_Pacman_TFG\TFG-workspace\MsPacManEngine\src\test\resources
2024-10-21 11:37:32,752 [Worker-10: Updating Maven Dependencies] INFO  o.e.m.c.i.l.LifecycleMappingFactory - Using org.eclipse.m2e.jdt.JarLifecycleMapping lifecycle mapping for MavenProject: es.ucm.fdi.gaia:MsPacManEngine:2.0.0 @ C:\Universidad\Cuarto Anyo Uni\TFG\Java\workSpace_Pacman_TFG\TFG-workspace\MsPacManEngine\pom.xml.
2024-10-21 11:37:34,341 [Worker-7: Building] WARN  o.e.m.c.i.embedder.EclipseLogger - Using platform encoding (Cp1252 actually) to copy filtered resources, i.e. build is platform dependent!
2024-10-21 11:37:34,349 [Worker-7: Building] INFO  o.e.m.c.i.embedder.EclipseLogger - Copying 61 resources
2024-10-21 11:37:34,538 [Worker-7: Building] WARN  o.e.m.c.i.embedder.EclipseLogger - Using platform encoding (Cp1252 actually) to copy filtered resources, i.e. build is platform dependent!
2024-10-21 11:37:34,539 [Worker-7: Building] INFO  o.e.m.c.i.embedder.EclipseLogger - skip non existing resourceDirectory C:\Universidad\Cuarto Anyo Uni\TFG\Java\workSpace_Pacman_TFG\TFG-workspace\MsPacManEngine\src\test\resources
2024-10-21 11:57:55,466 [Worker-33: Building] WARN  o.e.m.c.i.embedder.EclipseLogger - Using platform encoding (Cp1252 actually) to copy filtered resources, i.e. build is platform dependent!
2024-10-21 11:57:55,467 [Worker-33: Building] INFO  o.e.m.c.i.embedder.EclipseLogger - Copying 0 resource
2024-10-21 11:57:55,469 [Worker-33: Building] WARN  o.e.m.c.i.embedder.EclipseLogger - Using platform encoding (Cp1252 actually) to copy filtered resources, i.e. build is platform dependent!
2024-10-21 11:57:55,469 [Worker-33: Building] INFO  o.e.m.c.i.embedder.EclipseLogger - skip non existing resourceDirectory C:\Universidad\Cuarto Anyo Uni\TFG\Java\workSpace_Pacman_TFG\TFG-workspace\MsPacManEngine\src\test\resources
2024-10-21 11:58:26,425 [Worker-38: Building] WARN  o.e.m.c.i.embedder.EclipseLogger - Using platform encoding (Cp1252 actually) to copy filtered resources, i.e. build is platform dependent!
2024-10-21 11:58:26,428 [Worker-38: Building] INFO  o.e.m.c.i.embedder.EclipseLogger - Copying 61 resources
2024-10-21 11:58:26,433 [Worker-38: Building] WARN  o.e.m.c.i.embedder.EclipseLogger - Using platform encoding (Cp1252 actually) to copy filtered resources, i.e. build is platform dependent!
2024-10-21 11:58:26,434 [Worker-38: Building] INFO  o.e.m.c.i.embedder.EclipseLogger - skip non existing resourceDirectory C:\Universidad\Cuarto Anyo Uni\TFG\Java\workSpace_Pacman_TFG\TFG-workspace\MsPacManEngine\src\test\resources
2024-10-21 11:58:42,750 [Worker-39: Building] WARN  o.e.m.c.i.embedder.EclipseLogger - Using platform encoding (Cp1252 actually) to copy filtered resources, i.e. build is platform dependent!
2024-10-21 11:58:42,754 [Worker-39: Building] INFO  o.e.m.c.i.embedder.EclipseLogger - Copying 61 resources
2024-10-21 11:58:42,759 [Worker-39: Building] WARN  o.e.m.c.i.embedder.EclipseLogger - Using platform encoding (Cp1252 actually) to copy filtered resources, i.e. build is platform dependent!
2024-10-21 11:58:42,760 [Worker-39: Building] INFO  o.e.m.c.i.embedder.EclipseLogger - skip non existing resourceDirectory C:\Universidad\Cuarto Anyo Uni\TFG\Java\workSpace_Pacman_TFG\TFG-workspace\MsPacManEngine\src\test\resources
2024-10-21 11:58:47,711 [Worker-38: Building] WARN  o.e.m.c.i.embedder.EclipseLogger - Using platform encoding (Cp1252 actually) to copy filtered resources, i.e. build is platform dependent!
2024-10-21 11:58:47,715 [Worker-38: Building] INFO  o.e.m.c.i.embedder.EclipseLogger - Copying 61 resources
2024-10-21 11:58:47,720 [Worker-38: Building] WARN  o.e.m.c.i.embedder.EclipseLogger - Using platform encoding (Cp1252 actually) to copy filtered resources, i.e. build is platform dependent!
2024-10-21 11:58:47,721 [Worker-38: Building] INFO  o.e.m.c.i.embedder.EclipseLogger - skip non existing resourceDirectory C:\Universidad\Cuarto Anyo Uni\TFG\Java\workSpace_Pacman_TFG\TFG-workspace\MsPacManEngine\src\test\resources
2024-10-21 11:59:34,525 [Worker-33: Building] WARN  o.e.m.c.i.embedder.EclipseLogger - Using platform encoding (Cp1252 actually) to copy filtered resources, i.e. build is platform dependent!
2024-10-21 11:59:34,529 [Worker-33: Building] INFO  o.e.m.c.i.embedder.EclipseLogger - Copying 61 resources
2024-10-21 11:59:34,533 [Worker-33: Building] WARN  o.e.m.c.i.embedder.EclipseLogger - Using platform encoding (Cp1252 actually) to copy filtered resources, i.e. build is platform dependent!
2024-10-21 11:59:34,534 [Worker-33: Building] INFO  o.e.m.c.i.embedder.EclipseLogger - skip non existing resourceDirectory C:\Universidad\Cuarto Anyo Uni\TFG\Java\workSpace_Pacman_TFG\TFG-workspace\MsPacManEngine\src\test\resources
2024-10-21 11:59:42,087 [Worker-41: Building] WARN  o.e.m.c.i.embedder.EclipseLogger - Using platform encoding (Cp1252 actually) to copy filtered resources, i.e. build is platform dependent!
2024-10-21 11:59:42,091 [Worker-41: Building] INFO  o.e.m.c.i.embedder.EclipseLogger - Copying 61 resources
2024-10-21 11:59:42,096 [Worker-41: Building] WARN  o.e.m.c.i.embedder.EclipseLogger - Using platform encoding (Cp1252 actually) to copy filtered resources, i.e. build is platform dependent!
2024-10-21 11:59:42,097 [Worker-41: Building] INFO  o.e.m.c.i.embedder.EclipseLogger - skip non existing resourceDirectory C:\Universidad\Cuarto Anyo Uni\TFG\Java\workSpace_Pacman_TFG\TFG-workspace\MsPacManEngine\src\test\resources
2024-10-21 12:00:41,745 [Worker-42: Building] WARN  o.e.m.c.i.embedder.EclipseLogger - Using platform encoding (Cp1252 actually) to copy filtered resources, i.e. build is platform dependent!
2024-10-21 12:00:41,748 [Worker-42: Building] INFO  o.e.m.c.i.embedder.EclipseLogger - Copying 61 resources
2024-10-21 12:00:41,753 [Worker-42: Building] WARN  o.e.m.c.i.embedder.EclipseLogger - Using platform encoding (Cp1252 actually) to copy filtered resources, i.e. build is platform dependent!
2024-10-21 12:00:41,754 [Worker-42: Building] INFO  o.e.m.c.i.embedder.EclipseLogger - skip non existing resourceDirectory C:\Universidad\Cuarto Anyo Uni\TFG\Java\workSpace_Pacman_TFG\TFG-workspace\MsPacManEngine\src\test\resources
2024-10-21 12:02:46,837 [Worker-38: Building] WARN  o.e.m.c.i.embedder.EclipseLogger - Using platform encoding (Cp1252 actually) to copy filtered resources, i.e. build is platform dependent!
2024-10-21 12:02:46,841 [Worker-38: Building] INFO  o.e.m.c.i.embedder.EclipseLogger - Copying 61 resources
2024-10-21 12:02:46,941 [Worker-38: Building] WARN  o.e.m.c.i.embedder.EclipseLogger - Using platform encoding (Cp1252 actually) to copy filtered resources, i.e. build is platform dependent!
2024-10-21 12:02:46,941 [Worker-38: Building] INFO  o.e.m.c.i.embedder.EclipseLogger - skip non existing resourceDirectory C:\Universidad\Cuarto Anyo Uni\TFG\Java\workSpace_Pacman_TFG\TFG-workspace\MsPacManEngine\src\test\resources
2024-10-21 12:29:53,595 [Worker-66: Building] INFO  o.e.m.c.i.l.LifecycleMappingFactory - Using org.eclipse.m2e.jdt.JarLifecycleMapping lifecycle mapping for MavenProject: es.ucm.fdi.gaia:MsPacManEngine:2.0.0 @ C:\Universidad\Cuarto Anyo Uni\TFG\Java\workSpace_Pacman_TFG\TFG-workspace\PacManEngine\pom.xml.
2024-10-21 12:29:53,774 [Worker-66: Building] WARN  o.e.m.c.i.embedder.EclipseLogger - Using platform encoding (Cp1252 actually) to copy filtered resources, i.e. build is platform dependent!
2024-10-21 12:29:53,775 [Worker-66: Building] INFO  o.e.m.c.i.embedder.EclipseLogger - Copying 61 resources
2024-10-21 12:29:53,888 [Worker-66: Building] WARN  o.e.m.c.i.embedder.EclipseLogger - Using platform encoding (Cp1252 actually) to copy filtered resources, i.e. build is platform dependent!
2024-10-21 12:29:53,888 [Worker-66: Building] INFO  o.e.m.c.i.embedder.EclipseLogger - skip non existing resourceDirectory C:\Universidad\Cuarto Anyo Uni\TFG\Java\workSpace_Pacman_TFG\TFG-workspace\PacManEngine\src\test\resources
2024-10-21 12:29:55,174 [Worker-67: Building] WARN  o.e.m.c.i.embedder.EclipseLogger - Using platform encoding (Cp1252 actually) to copy filtered resources, i.e. build is platform dependent!
2024-10-21 12:29:55,178 [Worker-67: Building] INFO  o.e.m.c.i.embedder.EclipseLogger - Copying 61 resources
2024-10-21 12:29:55,291 [Worker-67: Building] WARN  o.e.m.c.i.embedder.EclipseLogger - Using platform encoding (Cp1252 actually) to copy filtered resources, i.e. build is platform dependent!
2024-10-21 12:29:55,292 [Worker-67: Building] INFO  o.e.m.c.i.embedder.EclipseLogger - skip non existing resourceDirectory C:\Universidad\Cuarto Anyo Uni\TFG\Java\workSpace_Pacman_TFG\TFG-workspace\PacManEngine\src\test\resources
2024-10-21 12:34:10,837 [Worker-65: Building] WARN  o.e.m.c.i.embedder.EclipseLogger - Using platform encoding (Cp1252 actually) to copy filtered resources, i.e. build is platform dependent!
2024-10-21 12:34:10,841 [Worker-65: Building] INFO  o.e.m.c.i.embedder.EclipseLogger - Copying 61 resources
2024-10-21 12:34:10,846 [Worker-65: Building] WARN  o.e.m.c.i.embedder.EclipseLogger - Using platform encoding (Cp1252 actually) to copy filtered resources, i.e. build is platform dependent!
2024-10-21 12:34:10,846 [Worker-65: Building] INFO  o.e.m.c.i.embedder.EclipseLogger - skip non existing resourceDirectory C:\Universidad\Cuarto Anyo Uni\TFG\Java\workSpace_Pacman_TFG\TFG-workspace\PacManEngine\src\test\resources
2024-10-21 12:34:36,662 [Worker-61: Building] WARN  o.e.m.c.i.embedder.EclipseLogger - Using platform encoding (Cp1252 actually) to copy filtered resources, i.e. build is platform dependent!
2024-10-21 12:34:36,663 [Worker-61: Building] INFO  o.e.m.c.i.embedder.EclipseLogger - Copying 0 resource
2024-10-21 12:34:36,663 [Worker-61: Building] WARN  o.e.m.c.i.embedder.EclipseLogger - Using platform encoding (Cp1252 actually) to copy filtered resources, i.e. build is platform dependent!
2024-10-21 12:34:36,664 [Worker-61: Building] INFO  o.e.m.c.i.embedder.EclipseLogger - skip non existing resourceDirectory C:\Universidad\Cuarto Anyo Uni\TFG\Java\workSpace_Pacman_TFG\TFG-workspace\PacManEngine\src\test\resources
2024-10-21 12:35:08,372 [Worker-72: Building] WARN  o.e.m.c.i.embedder.EclipseLogger - Using platform encoding (Cp1252 actually) to copy filtered resources, i.e. build is platform dependent!
2024-10-21 12:35:08,373 [Worker-72: Building] INFO  o.e.m.c.i.embedder.EclipseLogger - Copying 0 resource
2024-10-21 12:35:08,374 [Worker-72: Building] WARN  o.e.m.c.i.embedder.EclipseLogger - Using platform encoding (Cp1252 actually) to copy filtered resources, i.e. build is platform dependent!
2024-10-21 12:35:08,374 [Worker-72: Building] INFO  o.e.m.c.i.embedder.EclipseLogger - skip non existing resourceDirectory C:\Universidad\Cuarto Anyo Uni\TFG\Java\workSpace_Pacman_TFG\TFG-workspace\PacManEngine\src\test\resources
2024-10-21 12:36:11,299 [Worker-71: Building] WARN  o.e.m.c.i.embedder.EclipseLogger - Using platform encoding (Cp1252 actually) to copy filtered resources, i.e. build is platform dependent!
2024-10-21 12:36:11,303 [Worker-71: Building] INFO  o.e.m.c.i.embedder.EclipseLogger - Copying 61 resources
2024-10-21 12:36:11,419 [Worker-71: Building] WARN  o.e.m.c.i.embedder.EclipseLogger - Using platform encoding (Cp1252 actually) to copy filtered resources, i.e. build is platform dependent!
2024-10-21 12:36:11,420 [Worker-71: Building] INFO  o.e.m.c.i.embedder.EclipseLogger - skip non existing resourceDirectory C:\Universidad\Cuarto Anyo Uni\TFG\Java\workSpace_Pacman_TFG\TFG-workspace\PacManEngine\src\test\resources
2024-10-21 16:32:25,398 [Worker-0: Loading available Gradle versions] INFO  o.e.b.c.i.u.g.PublishedGradleVersions - Gradle version information cache is up-to-date. Trying to read.
2024-10-21 16:32:43,229 [Worker-24: Building] WARN  o.e.m.c.i.embedder.EclipseLogger - Using platform encoding (Cp1252 actually) to copy filtered resources, i.e. build is platform dependent!
2024-10-21 16:32:43,238 [Worker-24: Building] INFO  o.e.m.c.i.embedder.EclipseLogger - Copying 61 resources
2024-10-21 16:32:43,417 [Worker-24: Building] WARN  o.e.m.c.i.embedder.EclipseLogger - Using platform encoding (Cp1252 actually) to copy filtered resources, i.e. build is platform dependent!
2024-10-21 16:32:43,418 [Worker-24: Building] INFO  o.e.m.c.i.embedder.EclipseLogger - skip non existing resourceDirectory C:\Universidad\Cuarto Anyo Uni\TFG\Java\workSpace_Pacman_TFG\TFG-workspace\PacManEngine\src\test\resources
2024-10-21 16:39:24,429 [Worker-27: Building] WARN  o.e.m.c.i.embedder.EclipseLogger - Using platform encoding (Cp1252 actually) to copy filtered resources, i.e. build is platform dependent!
2024-10-21 16:39:24,442 [Worker-27: Building] INFO  o.e.m.c.i.embedder.EclipseLogger - Copying 61 resources
2024-10-21 16:39:24,450 [Worker-27: Building] WARN  o.e.m.c.i.embedder.EclipseLogger - Using platform encoding (Cp1252 actually) to copy filtered resources, i.e. build is platform dependent!
2024-10-21 16:39:24,452 [Worker-27: Building] INFO  o.e.m.c.i.embedder.EclipseLogger - skip non existing resourceDirectory C:\Universidad\Cuarto Anyo Uni\TFG\Java\workSpace_Pacman_TFG\TFG-workspace\PacManEngine\src\test\resources
2024-10-21 16:39:26,882 [Worker-22: Building] WARN  o.e.m.c.i.embedder.EclipseLogger - Using platform encoding (Cp1252 actually) to copy filtered resources, i.e. build is platform dependent!
2024-10-21 16:39:26,890 [Worker-22: Building] INFO  o.e.m.c.i.embedder.EclipseLogger - Copying 61 resources
2024-10-21 16:39:26,899 [Worker-22: Building] WARN  o.e.m.c.i.embedder.EclipseLogger - Using platform encoding (Cp1252 actually) to copy filtered resources, i.e. build is platform dependent!
2024-10-21 16:39:26,900 [Worker-22: Building] INFO  o.e.m.c.i.embedder.EclipseLogger - skip non existing resourceDirectory C:\Universidad\Cuarto Anyo Uni\TFG\Java\workSpace_Pacman_TFG\TFG-workspace\PacManEngine\src\test\resources
2024-10-21 17:28:40,637 [Worker-32: Building] WARN  o.e.m.c.i.embedder.EclipseLogger - Using platform encoding (Cp1252 actually) to copy filtered resources, i.e. build is platform dependent!
2024-10-21 17:28:40,645 [Worker-32: Building] INFO  o.e.m.c.i.embedder.EclipseLogger - Copying 61 resources
2024-10-21 17:28:40,654 [Worker-32: Building] WARN  o.e.m.c.i.embedder.EclipseLogger - Using platform encoding (Cp1252 actually) to copy filtered resources, i.e. build is platform dependent!
2024-10-21 17:28:40,661 [Worker-32: Building] INFO  o.e.m.c.i.embedder.EclipseLogger - skip non existing resourceDirectory C:\Universidad\Cuarto Anyo Uni\TFG\Java\workSpace_Pacman_TFG\TFG-workspace\PacManEngine\src\test\resources
2024-10-21 17:29:28,951 [Worker-45: Building] WARN  o.e.m.c.i.embedder.EclipseLogger - Using platform encoding (Cp1252 actually) to copy filtered resources, i.e. build is platform dependent!
2024-10-21 17:29:28,962 [Worker-45: Building] INFO  o.e.m.c.i.embedder.EclipseLogger - Copying 61 resources
2024-10-21 17:29:28,975 [Worker-45: Building] WARN  o.e.m.c.i.embedder.EclipseLogger - Using platform encoding (Cp1252 actually) to copy filtered resources, i.e. build is platform dependent!
2024-10-21 17:29:28,977 [Worker-45: Building] INFO  o.e.m.c.i.embedder.EclipseLogger - skip non existing resourceDirectory C:\Universidad\Cuarto Anyo Uni\TFG\Java\workSpace_Pacman_TFG\TFG-workspace\PacManEngine\src\test\resources
2024-10-21 17:30:14,564 [Worker-38: Building] WARN  o.e.m.c.i.embedder.EclipseLogger - Using platform encoding (Cp1252 actually) to copy filtered resources, i.e. build is platform dependent!
2024-10-21 17:30:14,572 [Worker-38: Building] INFO  o.e.m.c.i.embedder.EclipseLogger - Copying 61 resources
2024-10-21 17:30:14,582 [Worker-38: Building] WARN  o.e.m.c.i.embedder.EclipseLogger - Using platform encoding (Cp1252 actually) to copy filtered resources, i.e. build is platform dependent!
2024-10-21 17:30:14,584 [Worker-38: Building] INFO  o.e.m.c.i.embedder.EclipseLogger - skip non existing resourceDirectory C:\Universidad\Cuarto Anyo Uni\TFG\Java\workSpace_Pacman_TFG\TFG-workspace\PacManEngine\src\test\resources
2024-10-21 17:30:56,955 [Worker-44: Building] WARN  o.e.m.c.i.embedder.EclipseLogger - Using platform encoding (Cp1252 actually) to copy filtered resources, i.e. build is platform dependent!
2024-10-21 17:30:56,962 [Worker-44: Building] INFO  o.e.m.c.i.embedder.EclipseLogger - Copying 61 resources
2024-10-21 17:30:56,969 [Worker-44: Building] WARN  o.e.m.c.i.embedder.EclipseLogger - Using platform encoding (Cp1252 actually) to copy filtered resources, i.e. build is platform dependent!
2024-10-21 17:30:56,971 [Worker-44: Building] INFO  o.e.m.c.i.embedder.EclipseLogger - skip non existing resourceDirectory C:\Universidad\Cuarto Anyo Uni\TFG\Java\workSpace_Pacman_TFG\TFG-workspace\PacManEngine\src\test\resources
2024-10-21 17:31:21,428 [Worker-43: Building] WARN  o.e.m.c.i.embedder.EclipseLogger - Using platform encoding (Cp1252 actually) to copy filtered resources, i.e. build is platform dependent!
2024-10-21 17:31:21,434 [Worker-43: Building] INFO  o.e.m.c.i.embedder.EclipseLogger - Copying 61 resources
2024-10-21 17:31:21,444 [Worker-43: Building] WARN  o.e.m.c.i.embedder.EclipseLogger - Using platform encoding (Cp1252 actually) to copy filtered resources, i.e. build is platform dependent!
2024-10-21 17:31:21,446 [Worker-43: Building] INFO  o.e.m.c.i.embedder.EclipseLogger - skip non existing resourceDirectory C:\Universidad\Cuarto Anyo Uni\TFG\Java\workSpace_Pacman_TFG\TFG-workspace\PacManEngine\src\test\resources
2024-10-21 19:47:20,034 [Worker-51: Building] WARN  o.e.m.c.i.embedder.EclipseLogger - Using platform encoding (Cp1252 actually) to copy filtered resources, i.e. build is platform dependent!
2024-10-21 19:47:20,041 [Worker-51: Building] INFO  o.e.m.c.i.embedder.EclipseLogger - Copying 61 resources
2024-10-21 19:47:20,184 [Worker-51: Building] WARN  o.e.m.c.i.embedder.EclipseLogger - Using platform encoding (Cp1252 actually) to copy filtered resources, i.e. build is platform dependent!
2024-10-21 19:47:20,185 [Worker-51: Building] INFO  o.e.m.c.i.embedder.EclipseLogger - skip non existing resourceDirectory C:\Universidad\Cuarto Anyo Uni\TFG\Java\workSpace_Pacman_TFG\TFG-workspace\PacManEngine\src\test\resources
2024-10-21 19:47:28,794 [Worker-51: Building] WARN  o.e.m.c.i.embedder.EclipseLogger - Using platform encoding (Cp1252 actually) to copy filtered resources, i.e. build is platform dependent!
2024-10-21 19:47:28,798 [Worker-51: Building] INFO  o.e.m.c.i.embedder.EclipseLogger - Copying 61 resources
2024-10-21 19:47:28,904 [Worker-51: Building] WARN  o.e.m.c.i.embedder.EclipseLogger - Using platform encoding (Cp1252 actually) to copy filtered resources, i.e. build is platform dependent!
2024-10-21 19:47:28,905 [Worker-51: Building] INFO  o.e.m.c.i.embedder.EclipseLogger - skip non existing resourceDirectory C:\Universidad\Cuarto Anyo Uni\TFG\Java\workSpace_Pacman_TFG\TFG-workspace\PacManEngine\src\test\resources
2024-10-21 19:47:42,285 [Worker-67: Building] WARN  o.e.m.c.i.embedder.EclipseLogger - Using platform encoding (Cp1252 actually) to copy filtered resources, i.e. build is platform dependent!
2024-10-21 19:47:42,289 [Worker-67: Building] INFO  o.e.m.c.i.embedder.EclipseLogger - Copying 61 resources
2024-10-21 19:47:42,296 [Worker-67: Building] WARN  o.e.m.c.i.embedder.EclipseLogger - Using platform encoding (Cp1252 actually) to copy filtered resources, i.e. build is platform dependent!
2024-10-21 19:47:42,297 [Worker-67: Building] INFO  o.e.m.c.i.embedder.EclipseLogger - skip non existing resourceDirectory C:\Universidad\Cuarto Anyo Uni\TFG\Java\workSpace_Pacman_TFG\TFG-workspace\PacManEngine\src\test\resources
2024-10-21 19:48:00,739 [Worker-62: Building] WARN  o.e.m.c.i.embedder.EclipseLogger - Using platform encoding (Cp1252 actually) to copy filtered resources, i.e. build is platform dependent!
2024-10-21 19:48:00,743 [Worker-62: Building] INFO  o.e.m.c.i.embedder.EclipseLogger - Copying 61 resources
2024-10-21 19:48:00,748 [Worker-62: Building] WARN  o.e.m.c.i.embedder.EclipseLogger - Using platform encoding (Cp1252 actually) to copy filtered resources, i.e. build is platform dependent!
2024-10-21 19:48:00,750 [Worker-62: Building] INFO  o.e.m.c.i.embedder.EclipseLogger - skip non existing resourceDirectory C:\Universidad\Cuarto Anyo Uni\TFG\Java\workSpace_Pacman_TFG\TFG-workspace\PacManEngine\src\test\resources
2024-10-21 19:48:45,306 [Worker-51: Building] WARN  o.e.m.c.i.embedder.EclipseLogger - Using platform encoding (Cp1252 actually) to copy filtered resources, i.e. build is platform dependent!
2024-10-21 19:48:45,312 [Worker-51: Building] INFO  o.e.m.c.i.embedder.EclipseLogger - Copying 61 resources
2024-10-21 19:48:45,316 [Worker-51: Building] WARN  o.e.m.c.i.embedder.EclipseLogger - Using platform encoding (Cp1252 actually) to copy filtered resources, i.e. build is platform dependent!
2024-10-21 19:48:45,317 [Worker-51: Building] INFO  o.e.m.c.i.embedder.EclipseLogger - skip non existing resourceDirectory C:\Universidad\Cuarto Anyo Uni\TFG\Java\workSpace_Pacman_TFG\TFG-workspace\PacManEngine\src\test\resources
2024-10-21 19:48:47,612 [Worker-51: Building] WARN  o.e.m.c.i.embedder.EclipseLogger - Using platform encoding (Cp1252 actually) to copy filtered resources, i.e. build is platform dependent!
2024-10-21 19:48:47,617 [Worker-51: Building] INFO  o.e.m.c.i.embedder.EclipseLogger - Copying 61 resources
2024-10-21 19:48:47,621 [Worker-51: Building] WARN  o.e.m.c.i.embedder.EclipseLogger - Using platform encoding (Cp1252 actually) to copy filtered resources, i.e. build is platform dependent!
2024-10-21 19:48:47,622 [Worker-51: Building] INFO  o.e.m.c.i.embedder.EclipseLogger - skip non existing resourceDirectory C:\Universidad\Cuarto Anyo Uni\TFG\Java\workSpace_Pacman_TFG\TFG-workspace\PacManEngine\src\test\resources
2024-10-21 19:49:10,210 [Worker-64: Building] WARN  o.e.m.c.i.embedder.EclipseLogger - Using platform encoding (Cp1252 actually) to copy filtered resources, i.e. build is platform dependent!
2024-10-21 19:49:10,214 [Worker-64: Building] INFO  o.e.m.c.i.embedder.EclipseLogger - Copying 61 resources
2024-10-21 19:49:10,218 [Worker-64: Building] WARN  o.e.m.c.i.embedder.EclipseLogger - Using platform encoding (Cp1252 actually) to copy filtered resources, i.e. build is platform dependent!
2024-10-21 19:49:10,219 [Worker-64: Building] INFO  o.e.m.c.i.embedder.EclipseLogger - skip non existing resourceDirectory C:\Universidad\Cuarto Anyo Uni\TFG\Java\workSpace_Pacman_TFG\TFG-workspace\PacManEngine\src\test\resources
2024-10-21 19:49:29,751 [Worker-51: Building] WARN  o.e.m.c.i.embedder.EclipseLogger - Using platform encoding (Cp1252 actually) to copy filtered resources, i.e. build is platform dependent!
2024-10-21 19:49:29,755 [Worker-51: Building] INFO  o.e.m.c.i.embedder.EclipseLogger - Copying 61 resources
2024-10-21 19:49:29,761 [Worker-51: Building] WARN  o.e.m.c.i.embedder.EclipseLogger - Using platform encoding (Cp1252 actually) to copy filtered resources, i.e. build is platform dependent!
2024-10-21 19:49:29,762 [Worker-51: Building] INFO  o.e.m.c.i.embedder.EclipseLogger - skip non existing resourceDirectory C:\Universidad\Cuarto Anyo Uni\TFG\Java\workSpace_Pacman_TFG\TFG-workspace\PacManEngine\src\test\resources
2024-10-21 19:50:18,709 [Worker-66: Building] WARN  o.e.m.c.i.embedder.EclipseLogger - Using platform encoding (Cp1252 actually) to copy filtered resources, i.e. build is platform dependent!
2024-10-21 19:50:18,713 [Worker-66: Building] INFO  o.e.m.c.i.embedder.EclipseLogger - Copying 61 resources
2024-10-21 19:50:18,717 [Worker-66: Building] WARN  o.e.m.c.i.embedder.EclipseLogger - Using platform encoding (Cp1252 actually) to copy filtered resources, i.e. build is platform dependent!
2024-10-21 19:50:18,718 [Worker-66: Building] INFO  o.e.m.c.i.embedder.EclipseLogger - skip non existing resourceDirectory C:\Universidad\Cuarto Anyo Uni\TFG\Java\workSpace_Pacman_TFG\TFG-workspace\PacManEngine\src\test\resources
2024-10-21 19:51:08,549 [Worker-67: Building] WARN  o.e.m.c.i.embedder.EclipseLogger - Using platform encoding (Cp1252 actually) to copy filtered resources, i.e. build is platform dependent!
2024-10-21 19:51:08,553 [Worker-67: Building] INFO  o.e.m.c.i.embedder.EclipseLogger - Copying 61 resources
2024-10-21 19:51:08,557 [Worker-67: Building] WARN  o.e.m.c.i.embedder.EclipseLogger - Using platform encoding (Cp1252 actually) to copy filtered resources, i.e. build is platform dependent!
2024-10-21 19:51:08,557 [Worker-67: Building] INFO  o.e.m.c.i.embedder.EclipseLogger - skip non existing resourceDirectory C:\Universidad\Cuarto Anyo Uni\TFG\Java\workSpace_Pacman_TFG\TFG-workspace\PacManEngine\src\test\resources
2024-10-21 19:51:27,350 [Worker-66: Building] WARN  o.e.m.c.i.embedder.EclipseLogger - Using platform encoding (Cp1252 actually) to copy filtered resources, i.e. build is platform dependent!
2024-10-21 19:51:27,354 [Worker-66: Building] INFO  o.e.m.c.i.embedder.EclipseLogger - Copying 61 resources
2024-10-21 19:51:27,358 [Worker-66: Building] WARN  o.e.m.c.i.embedder.EclipseLogger - Using platform encoding (Cp1252 actually) to copy filtered resources, i.e. build is platform dependent!
2024-10-21 19:51:27,359 [Worker-66: Building] INFO  o.e.m.c.i.embedder.EclipseLogger - skip non existing resourceDirectory C:\Universidad\Cuarto Anyo Uni\TFG\Java\workSpace_Pacman_TFG\TFG-workspace\PacManEngine\src\test\resources
2024-10-21 19:51:29,979 [Worker-64: Building] WARN  o.e.m.c.i.embedder.EclipseLogger - Using platform encoding (Cp1252 actually) to copy filtered resources, i.e. build is platform dependent!
2024-10-21 19:51:29,984 [Worker-64: Building] INFO  o.e.m.c.i.embedder.EclipseLogger - Copying 61 resources
2024-10-21 19:51:29,988 [Worker-64: Building] WARN  o.e.m.c.i.embedder.EclipseLogger - Using platform encoding (Cp1252 actually) to copy filtered resources, i.e. build is platform dependent!
2024-10-21 19:51:29,989 [Worker-64: Building] INFO  o.e.m.c.i.embedder.EclipseLogger - skip non existing resourceDirectory C:\Universidad\Cuarto Anyo Uni\TFG\Java\workSpace_Pacman_TFG\TFG-workspace\PacManEngine\src\test\resources
2024-10-21 19:54:34,083 [Worker-69: Building] WARN  o.e.m.c.i.embedder.EclipseLogger - Using platform encoding (Cp1252 actually) to copy filtered resources, i.e. build is platform dependent!
2024-10-21 19:54:34,087 [Worker-69: Building] INFO  o.e.m.c.i.embedder.EclipseLogger - Copying 61 resources
2024-10-21 19:54:34,091 [Worker-69: Building] WARN  o.e.m.c.i.embedder.EclipseLogger - Using platform encoding (Cp1252 actually) to copy filtered resources, i.e. build is platform dependent!
2024-10-21 19:54:34,092 [Worker-69: Building] INFO  o.e.m.c.i.embedder.EclipseLogger - skip non existing resourceDirectory C:\Universidad\Cuarto Anyo Uni\TFG\Java\workSpace_Pacman_TFG\TFG-workspace\PacManEngine\src\test\resources
2024-10-21 20:15:33,567 [Worker-74: Building] WARN  o.e.m.c.i.embedder.EclipseLogger - Using platform encoding (Cp1252 actually) to copy filtered resources, i.e. build is platform dependent!
2024-10-21 20:15:33,572 [Worker-74: Building] INFO  o.e.m.c.i.embedder.EclipseLogger - Copying 61 resources
2024-10-21 20:15:33,576 [Worker-74: Building] WARN  o.e.m.c.i.embedder.EclipseLogger - Using platform encoding (Cp1252 actually) to copy filtered resources, i.e. build is platform dependent!
2024-10-21 20:15:33,577 [Worker-74: Building] INFO  o.e.m.c.i.embedder.EclipseLogger - skip non existing resourceDirectory C:\Universidad\Cuarto Anyo Uni\TFG\Java\workSpace_Pacman_TFG\TFG-workspace\PacManEngine\src\test\resources
2024-10-21 20:31:00,925 [Worker-79: Building] WARN  o.e.m.c.i.embedder.EclipseLogger - Using platform encoding (Cp1252 actually) to copy filtered resources, i.e. build is platform dependent!
2024-10-21 20:31:00,931 [Worker-79: Building] INFO  o.e.m.c.i.embedder.EclipseLogger - Copying 61 resources
2024-10-21 20:31:00,938 [Worker-79: Building] WARN  o.e.m.c.i.embedder.EclipseLogger - Using platform encoding (Cp1252 actually) to copy filtered resources, i.e. build is platform dependent!
2024-10-21 20:31:00,939 [Worker-79: Building] INFO  o.e.m.c.i.embedder.EclipseLogger - skip non existing resourceDirectory C:\Universidad\Cuarto Anyo Uni\TFG\Java\workSpace_Pacman_TFG\TFG-workspace\PacManEngine\src\test\resources
2024-10-21 20:32:44,708 [Worker-79: Building] WARN  o.e.m.c.i.embedder.EclipseLogger - Using platform encoding (Cp1252 actually) to copy filtered resources, i.e. build is platform dependent!
2024-10-21 20:32:44,712 [Worker-79: Building] INFO  o.e.m.c.i.embedder.EclipseLogger - Copying 61 resources
2024-10-21 20:32:44,716 [Worker-79: Building] WARN  o.e.m.c.i.embedder.EclipseLogger - Using platform encoding (Cp1252 actually) to copy filtered resources, i.e. build is platform dependent!
2024-10-21 20:32:44,716 [Worker-79: Building] INFO  o.e.m.c.i.embedder.EclipseLogger - skip non existing resourceDirectory C:\Universidad\Cuarto Anyo Uni\TFG\Java\workSpace_Pacman_TFG\TFG-workspace\PacManEngine\src\test\resources
2024-10-21 20:34:18,923 [Worker-79: Building] WARN  o.e.m.c.i.embedder.EclipseLogger - Using platform encoding (Cp1252 actually) to copy filtered resources, i.e. build is platform dependent!
2024-10-21 20:34:18,927 [Worker-79: Building] INFO  o.e.m.c.i.embedder.EclipseLogger - Copying 61 resources
2024-10-21 20:34:18,931 [Worker-79: Building] WARN  o.e.m.c.i.embedder.EclipseLogger - Using platform encoding (Cp1252 actually) to copy filtered resources, i.e. build is platform dependent!
2024-10-21 20:34:18,932 [Worker-79: Building] INFO  o.e.m.c.i.embedder.EclipseLogger - skip non existing resourceDirectory C:\Universidad\Cuarto Anyo Uni\TFG\Java\workSpace_Pacman_TFG\TFG-workspace\PacManEngine\src\test\resources
2024-10-21 20:34:40,621 [Worker-78: Building] WARN  o.e.m.c.i.embedder.EclipseLogger - Using platform encoding (Cp1252 actually) to copy filtered resources, i.e. build is platform dependent!
2024-10-21 20:34:40,624 [Worker-78: Building] INFO  o.e.m.c.i.embedder.EclipseLogger - Copying 61 resources
2024-10-21 20:34:40,629 [Worker-78: Building] WARN  o.e.m.c.i.embedder.EclipseLogger - Using platform encoding (Cp1252 actually) to copy filtered resources, i.e. build is platform dependent!
2024-10-21 20:34:40,629 [Worker-78: Building] INFO  o.e.m.c.i.embedder.EclipseLogger - skip non existing resourceDirectory C:\Universidad\Cuarto Anyo Uni\TFG\Java\workSpace_Pacman_TFG\TFG-workspace\PacManEngine\src\test\resources
2024-10-21 20:39:47,846 [Worker-80: Building] WARN  o.e.m.c.i.embedder.EclipseLogger - Using platform encoding (Cp1252 actually) to copy filtered resources, i.e. build is platform dependent!
2024-10-21 20:39:47,851 [Worker-80: Building] INFO  o.e.m.c.i.embedder.EclipseLogger - Copying 61 resources
2024-10-21 20:39:47,855 [Worker-80: Building] WARN  o.e.m.c.i.embedder.EclipseLogger - Using platform encoding (Cp1252 actually) to copy filtered resources, i.e. build is platform dependent!
2024-10-21 20:39:47,856 [Worker-80: Building] INFO  o.e.m.c.i.embedder.EclipseLogger - skip non existing resourceDirectory C:\Universidad\Cuarto Anyo Uni\TFG\Java\workSpace_Pacman_TFG\TFG-workspace\PacManEngine\src\test\resources
2024-10-21 20:50:56,368 [Worker-85: Building] WARN  o.e.m.c.i.embedder.EclipseLogger - Using platform encoding (Cp1252 actually) to copy filtered resources, i.e. build is platform dependent!
2024-10-21 20:50:56,372 [Worker-85: Building] INFO  o.e.m.c.i.embedder.EclipseLogger - Copying 61 resources
2024-10-21 20:50:56,376 [Worker-85: Building] WARN  o.e.m.c.i.embedder.EclipseLogger - Using platform encoding (Cp1252 actually) to copy filtered resources, i.e. build is platform dependent!
2024-10-21 20:50:56,377 [Worker-85: Building] INFO  o.e.m.c.i.embedder.EclipseLogger - skip non existing resourceDirectory C:\Universidad\Cuarto Anyo Uni\TFG\Java\workSpace_Pacman_TFG\TFG-workspace\PacManEngine\src\test\resources
2024-10-21 20:51:22,904 [Worker-85: Building] WARN  o.e.m.c.i.embedder.EclipseLogger - Using platform encoding (Cp1252 actually) to copy filtered resources, i.e. build is platform dependent!
2024-10-21 20:51:22,909 [Worker-85: Building] INFO  o.e.m.c.i.embedder.EclipseLogger - Copying 61 resources
2024-10-21 20:51:22,913 [Worker-85: Building] WARN  o.e.m.c.i.embedder.EclipseLogger - Using platform encoding (Cp1252 actually) to copy filtered resources, i.e. build is platform dependent!
2024-10-21 20:51:22,914 [Worker-85: Building] INFO  o.e.m.c.i.embedder.EclipseLogger - skip non existing resourceDirectory C:\Universidad\Cuarto Anyo Uni\TFG\Java\workSpace_Pacman_TFG\TFG-workspace\PacManEngine\src\test\resources
2024-10-21 20:55:10,796 [Worker-85: Building] WARN  o.e.m.c.i.embedder.EclipseLogger - Using platform encoding (Cp1252 actually) to copy filtered resources, i.e. build is platform dependent!
2024-10-21 20:55:10,800 [Worker-85: Building] INFO  o.e.m.c.i.embedder.EclipseLogger - Copying 61 resources
2024-10-21 20:55:10,804 [Worker-85: Building] WARN  o.e.m.c.i.embedder.EclipseLogger - Using platform encoding (Cp1252 actually) to copy filtered resources, i.e. build is platform dependent!
2024-10-21 20:55:10,805 [Worker-85: Building] INFO  o.e.m.c.i.embedder.EclipseLogger - skip non existing resourceDirectory C:\Universidad\Cuarto Anyo Uni\TFG\Java\workSpace_Pacman_TFG\TFG-workspace\PacManEngine\src\test\resources
2024-10-21 20:55:36,184 [Worker-83: Building] WARN  o.e.m.c.i.embedder.EclipseLogger - Using platform encoding (Cp1252 actually) to copy filtered resources, i.e. build is platform dependent!
2024-10-21 20:55:36,187 [Worker-83: Building] INFO  o.e.m.c.i.embedder.EclipseLogger - Copying 61 resources
2024-10-21 20:55:36,191 [Worker-83: Building] WARN  o.e.m.c.i.embedder.EclipseLogger - Using platform encoding (Cp1252 actually) to copy filtered resources, i.e. build is platform dependent!
2024-10-21 20:55:36,192 [Worker-83: Building] INFO  o.e.m.c.i.embedder.EclipseLogger - skip non existing resourceDirectory C:\Universidad\Cuarto Anyo Uni\TFG\Java\workSpace_Pacman_TFG\TFG-workspace\PacManEngine\src\test\resources
2024-10-21 20:55:40,458 [Worker-86: Building] WARN  o.e.m.c.i.embedder.EclipseLogger - Using platform encoding (Cp1252 actually) to copy filtered resources, i.e. build is platform dependent!
2024-10-21 20:55:40,462 [Worker-86: Building] INFO  o.e.m.c.i.embedder.EclipseLogger - Copying 61 resources
2024-10-21 20:55:40,466 [Worker-86: Building] WARN  o.e.m.c.i.embedder.EclipseLogger - Using platform encoding (Cp1252 actually) to copy filtered resources, i.e. build is platform dependent!
2024-10-21 20:55:40,467 [Worker-86: Building] INFO  o.e.m.c.i.embedder.EclipseLogger - skip non existing resourceDirectory C:\Universidad\Cuarto Anyo Uni\TFG\Java\workSpace_Pacman_TFG\TFG-workspace\PacManEngine\src\test\resources
2024-10-21 20:56:22,171 [Worker-85: Building] WARN  o.e.m.c.i.embedder.EclipseLogger - Using platform encoding (Cp1252 actually) to copy filtered resources, i.e. build is platform dependent!
2024-10-21 20:56:22,175 [Worker-85: Building] INFO  o.e.m.c.i.embedder.EclipseLogger - Copying 61 resources
2024-10-21 20:56:22,179 [Worker-85: Building] WARN  o.e.m.c.i.embedder.EclipseLogger - Using platform encoding (Cp1252 actually) to copy filtered resources, i.e. build is platform dependent!
2024-10-21 20:56:22,180 [Worker-85: Building] INFO  o.e.m.c.i.embedder.EclipseLogger - skip non existing resourceDirectory C:\Universidad\Cuarto Anyo Uni\TFG\Java\workSpace_Pacman_TFG\TFG-workspace\PacManEngine\src\test\resources
2024-10-21 21:03:35,334 [Worker-87: Building] WARN  o.e.m.c.i.embedder.EclipseLogger - Using platform encoding (Cp1252 actually) to copy filtered resources, i.e. build is platform dependent!
2024-10-21 21:03:35,338 [Worker-87: Building] INFO  o.e.m.c.i.embedder.EclipseLogger - Copying 61 resources
2024-10-21 21:03:35,341 [Worker-87: Building] WARN  o.e.m.c.i.embedder.EclipseLogger - Using platform encoding (Cp1252 actually) to copy filtered resources, i.e. build is platform dependent!
2024-10-21 21:03:35,342 [Worker-87: Building] INFO  o.e.m.c.i.embedder.EclipseLogger - skip non existing resourceDirectory C:\Universidad\Cuarto Anyo Uni\TFG\Java\workSpace_Pacman_TFG\TFG-workspace\PacManEngine\src\test\resources
2024-10-21 21:04:38,658 [Worker-93: Building] WARN  o.e.m.c.i.embedder.EclipseLogger - Using platform encoding (Cp1252 actually) to copy filtered resources, i.e. build is platform dependent!
2024-10-21 21:04:38,662 [Worker-93: Building] INFO  o.e.m.c.i.embedder.EclipseLogger - Copying 61 resources
2024-10-21 21:04:38,666 [Worker-93: Building] WARN  o.e.m.c.i.embedder.EclipseLogger - Using platform encoding (Cp1252 actually) to copy filtered resources, i.e. build is platform dependent!
2024-10-21 21:04:38,666 [Worker-93: Building] INFO  o.e.m.c.i.embedder.EclipseLogger - skip non existing resourceDirectory C:\Universidad\Cuarto Anyo Uni\TFG\Java\workSpace_Pacman_TFG\TFG-workspace\PacManEngine\src\test\resources
2024-10-21 21:13:02,183 [Worker-86: Building] WARN  o.e.m.c.i.embedder.EclipseLogger - Using platform encoding (Cp1252 actually) to copy filtered resources, i.e. build is platform dependent!
2024-10-21 21:13:02,187 [Worker-86: Building] INFO  o.e.m.c.i.embedder.EclipseLogger - Copying 61 resources
2024-10-21 21:13:02,191 [Worker-86: Building] WARN  o.e.m.c.i.embedder.EclipseLogger - Using platform encoding (Cp1252 actually) to copy filtered resources, i.e. build is platform dependent!
2024-10-21 21:13:02,192 [Worker-86: Building] INFO  o.e.m.c.i.embedder.EclipseLogger - skip non existing resourceDirectory C:\Universidad\Cuarto Anyo Uni\TFG\Java\workSpace_Pacman_TFG\TFG-workspace\PacManEngine\src\test\resources
2024-10-21 21:14:09,011 [Worker-95: Building] WARN  o.e.m.c.i.embedder.EclipseLogger - Using platform encoding (Cp1252 actually) to copy filtered resources, i.e. build is platform dependent!
2024-10-21 21:14:09,015 [Worker-95: Building] INFO  o.e.m.c.i.embedder.EclipseLogger - Copying 61 resources
2024-10-21 21:14:09,020 [Worker-95: Building] WARN  o.e.m.c.i.embedder.EclipseLogger - Using platform encoding (Cp1252 actually) to copy filtered resources, i.e. build is platform dependent!
2024-10-21 21:14:09,021 [Worker-95: Building] INFO  o.e.m.c.i.embedder.EclipseLogger - skip non existing resourceDirectory C:\Universidad\Cuarto Anyo Uni\TFG\Java\workSpace_Pacman_TFG\TFG-workspace\PacManEngine\src\test\resources
2024-10-21 21:17:18,386 [Worker-95: Building] WARN  o.e.m.c.i.embedder.EclipseLogger - Using platform encoding (Cp1252 actually) to copy filtered resources, i.e. build is platform dependent!
2024-10-21 21:17:18,390 [Worker-95: Building] INFO  o.e.m.c.i.embedder.EclipseLogger - Copying 61 resources
2024-10-21 21:17:18,394 [Worker-95: Building] WARN  o.e.m.c.i.embedder.EclipseLogger - Using platform encoding (Cp1252 actually) to copy filtered resources, i.e. build is platform dependent!
2024-10-21 21:17:18,394 [Worker-95: Building] INFO  o.e.m.c.i.embedder.EclipseLogger - skip non existing resourceDirectory C:\Universidad\Cuarto Anyo Uni\TFG\Java\workSpace_Pacman_TFG\TFG-workspace\PacManEngine\src\test\resources
2024-10-21 21:17:37,461 [Worker-99: Launching ExecutorTest (3)] WARN  o.e.m.c.i.embedder.EclipseLogger - Using platform encoding (Cp1252 actually) to copy filtered resources, i.e. build is platform dependent!
2024-10-21 21:17:37,465 [Worker-99: Launching ExecutorTest (3)] INFO  o.e.m.c.i.embedder.EclipseLogger - Copying 61 resources
2024-10-21 21:17:37,469 [Worker-99: Launching ExecutorTest (3)] WARN  o.e.m.c.i.embedder.EclipseLogger - Using platform encoding (Cp1252 actually) to copy filtered resources, i.e. build is platform dependent!
2024-10-21 21:17:37,470 [Worker-99: Launching ExecutorTest (3)] INFO  o.e.m.c.i.embedder.EclipseLogger - skip non existing resourceDirectory C:\Universidad\Cuarto Anyo Uni\TFG\Java\workSpace_Pacman_TFG\TFG-workspace\PacManEngine\src\test\resources
2024-10-21 21:18:14,289 [Worker-97: Building] WARN  o.e.m.c.i.embedder.EclipseLogger - Using platform encoding (Cp1252 actually) to copy filtered resources, i.e. build is platform dependent!
2024-10-21 21:18:14,293 [Worker-97: Building] INFO  o.e.m.c.i.embedder.EclipseLogger - Copying 61 resources
2024-10-21 21:18:14,297 [Worker-97: Building] WARN  o.e.m.c.i.embedder.EclipseLogger - Using platform encoding (Cp1252 actually) to copy filtered resources, i.e. build is platform dependent!
2024-10-21 21:18:14,298 [Worker-97: Building] INFO  o.e.m.c.i.embedder.EclipseLogger - skip non existing resourceDirectory C:\Universidad\Cuarto Anyo Uni\TFG\Java\workSpace_Pacman_TFG\TFG-workspace\PacManEngine\src\test\resources
2024-10-21 21:26:47,431 [Worker-97: Building] WARN  o.e.m.c.i.embedder.EclipseLogger - Using platform encoding (Cp1252 actually) to copy filtered resources, i.e. build is platform dependent!
2024-10-21 21:26:47,435 [Worker-97: Building] INFO  o.e.m.c.i.embedder.EclipseLogger - Copying 61 resources
2024-10-21 21:26:47,439 [Worker-97: Building] WARN  o.e.m.c.i.embedder.EclipseLogger - Using platform encoding (Cp1252 actually) to copy filtered resources, i.e. build is platform dependent!
2024-10-21 21:26:47,440 [Worker-97: Building] INFO  o.e.m.c.i.embedder.EclipseLogger - skip non existing resourceDirectory C:\Universidad\Cuarto Anyo Uni\TFG\Java\workSpace_Pacman_TFG\TFG-workspace\PacManEngine\src\test\resources
2024-10-21 21:26:56,226 [Worker-102: Building] WARN  o.e.m.c.i.embedder.EclipseLogger - Using platform encoding (Cp1252 actually) to copy filtered resources, i.e. build is platform dependent!
2024-10-21 21:26:56,229 [Worker-102: Building] INFO  o.e.m.c.i.embedder.EclipseLogger - Copying 61 resources
2024-10-21 21:26:56,233 [Worker-102: Building] WARN  o.e.m.c.i.embedder.EclipseLogger - Using platform encoding (Cp1252 actually) to copy filtered resources, i.e. build is platform dependent!
2024-10-21 21:26:56,234 [Worker-102: Building] INFO  o.e.m.c.i.embedder.EclipseLogger - skip non existing resourceDirectory C:\Universidad\Cuarto Anyo Uni\TFG\Java\workSpace_Pacman_TFG\TFG-workspace\PacManEngine\src\test\resources
2024-10-21 21:27:33,337 [Worker-104: Building] WARN  o.e.m.c.i.embedder.EclipseLogger - Using platform encoding (Cp1252 actually) to copy filtered resources, i.e. build is platform dependent!
2024-10-21 21:27:33,340 [Worker-104: Building] INFO  o.e.m.c.i.embedder.EclipseLogger - Copying 61 resources
2024-10-21 21:27:33,345 [Worker-104: Building] WARN  o.e.m.c.i.embedder.EclipseLogger - Using platform encoding (Cp1252 actually) to copy filtered resources, i.e. build is platform dependent!
2024-10-21 21:27:33,345 [Worker-104: Building] INFO  o.e.m.c.i.embedder.EclipseLogger - skip non existing resourceDirectory C:\Universidad\Cuarto Anyo Uni\TFG\Java\workSpace_Pacman_TFG\TFG-workspace\PacManEngine\src\test\resources
2024-10-22 13:47:55,012 [Worker-1: Loading available Gradle versions] INFO  o.e.b.c.i.u.g.PublishedGradleVersions - Gradle version information cache is out-of-date. Trying to update.
2024-10-22 14:33:16,341 [Worker-36: Building] WARN  o.e.m.c.i.embedder.EclipseLogger - Using platform encoding (Cp1252 actually) to copy filtered resources, i.e. build is platform dependent!
2024-10-22 14:33:16,347 [Worker-36: Building] INFO  o.e.m.c.i.embedder.EclipseLogger - Copying 61 resources
2024-10-22 14:33:16,362 [Worker-36: Building] WARN  o.e.m.c.i.embedder.EclipseLogger - Using platform encoding (Cp1252 actually) to copy filtered resources, i.e. build is platform dependent!
2024-10-22 14:33:16,363 [Worker-36: Building] INFO  o.e.m.c.i.embedder.EclipseLogger - skip non existing resourceDirectory C:\Universidad\Cuarto Anyo Uni\TFG\Java\workSpace_Pacman_TFG\TFG-workspace\PacManEngine\src\test\resources
2024-10-22 14:33:42,687 [Worker-36: Building] WARN  o.e.m.c.i.embedder.EclipseLogger - Using platform encoding (Cp1252 actually) to copy filtered resources, i.e. build is platform dependent!
2024-10-22 14:33:42,694 [Worker-36: Building] INFO  o.e.m.c.i.embedder.EclipseLogger - Copying 61 resources
2024-10-22 14:33:42,699 [Worker-36: Building] WARN  o.e.m.c.i.embedder.EclipseLogger - Using platform encoding (Cp1252 actually) to copy filtered resources, i.e. build is platform dependent!
2024-10-22 14:33:42,700 [Worker-36: Building] INFO  o.e.m.c.i.embedder.EclipseLogger - skip non existing resourceDirectory C:\Universidad\Cuarto Anyo Uni\TFG\Java\workSpace_Pacman_TFG\TFG-workspace\PacManEngine\src\test\resources
2024-10-22 14:35:32,581 [Worker-40: Building] WARN  o.e.m.c.i.embedder.EclipseLogger - Using platform encoding (Cp1252 actually) to copy filtered resources, i.e. build is platform dependent!
2024-10-22 14:35:32,586 [Worker-40: Building] INFO  o.e.m.c.i.embedder.EclipseLogger - Copying 61 resources
2024-10-22 14:35:32,591 [Worker-40: Building] WARN  o.e.m.c.i.embedder.EclipseLogger - Using platform encoding (Cp1252 actually) to copy filtered resources, i.e. build is platform dependent!
2024-10-22 14:35:32,591 [Worker-40: Building] INFO  o.e.m.c.i.embedder.EclipseLogger - skip non existing resourceDirectory C:\Universidad\Cuarto Anyo Uni\TFG\Java\workSpace_Pacman_TFG\TFG-workspace\PacManEngine\src\test\resources
2024-10-22 14:35:43,099 [Worker-37: Building] WARN  o.e.m.c.i.embedder.EclipseLogger - Using platform encoding (Cp1252 actually) to copy filtered resources, i.e. build is platform dependent!
2024-10-22 14:35:43,104 [Worker-37: Building] INFO  o.e.m.c.i.embedder.EclipseLogger - Copying 61 resources
2024-10-22 14:35:43,108 [Worker-37: Building] WARN  o.e.m.c.i.embedder.EclipseLogger - Using platform encoding (Cp1252 actually) to copy filtered resources, i.e. build is platform dependent!
2024-10-22 14:35:43,109 [Worker-37: Building] INFO  o.e.m.c.i.embedder.EclipseLogger - skip non existing resourceDirectory C:\Universidad\Cuarto Anyo Uni\TFG\Java\workSpace_Pacman_TFG\TFG-workspace\PacManEngine\src\test\resources
2024-10-22 14:35:47,695 [Worker-37: Building] WARN  o.e.m.c.i.embedder.EclipseLogger - Using platform encoding (Cp1252 actually) to copy filtered resources, i.e. build is platform dependent!
2024-10-22 14:35:47,699 [Worker-37: Building] INFO  o.e.m.c.i.embedder.EclipseLogger - Copying 61 resources
2024-10-22 14:35:47,704 [Worker-37: Building] WARN  o.e.m.c.i.embedder.EclipseLogger - Using platform encoding (Cp1252 actually) to copy filtered resources, i.e. build is platform dependent!
2024-10-22 14:35:47,705 [Worker-37: Building] INFO  o.e.m.c.i.embedder.EclipseLogger - skip non existing resourceDirectory C:\Universidad\Cuarto Anyo Uni\TFG\Java\workSpace_Pacman_TFG\TFG-workspace\PacManEngine\src\test\resources
2024-10-22 14:36:01,163 [Worker-40: Building] WARN  o.e.m.c.i.embedder.EclipseLogger - Using platform encoding (Cp1252 actually) to copy filtered resources, i.e. build is platform dependent!
2024-10-22 14:36:01,167 [Worker-40: Building] INFO  o.e.m.c.i.embedder.EclipseLogger - Copying 61 resources
2024-10-22 14:36:01,171 [Worker-40: Building] WARN  o.e.m.c.i.embedder.EclipseLogger - Using platform encoding (Cp1252 actually) to copy filtered resources, i.e. build is platform dependent!
2024-10-22 14:36:01,172 [Worker-40: Building] INFO  o.e.m.c.i.embedder.EclipseLogger - skip non existing resourceDirectory C:\Universidad\Cuarto Anyo Uni\TFG\Java\workSpace_Pacman_TFG\TFG-workspace\PacManEngine\src\test\resources
2024-10-22 15:41:38,352 [Worker-5: Loading available Gradle versions] INFO  o.e.b.c.i.u.g.PublishedGradleVersions - Gradle version information cache is up-to-date. Trying to read.
2024-10-22 17:15:29,669 [Worker-42: Building] WARN  o.e.m.c.i.embedder.EclipseLogger - Using platform encoding (Cp1252 actually) to copy filtered resources, i.e. build is platform dependent!
2024-10-22 17:15:29,676 [Worker-42: Building] INFO  o.e.m.c.i.embedder.EclipseLogger - Copying 61 resources
2024-10-22 17:15:29,688 [Worker-42: Building] WARN  o.e.m.c.i.embedder.EclipseLogger - Using platform encoding (Cp1252 actually) to copy filtered resources, i.e. build is platform dependent!
2024-10-22 17:15:29,689 [Worker-42: Building] INFO  o.e.m.c.i.embedder.EclipseLogger - skip non existing resourceDirectory C:\Universidad\Cuarto Anyo Uni\TFG\Java\workSpace_Pacman_TFG\TFG-workspace\PacManEngine\src\test\resources
2024-10-22 17:17:22,743 [Worker-45: Building] WARN  o.e.m.c.i.embedder.EclipseLogger - Using platform encoding (Cp1252 actually) to copy filtered resources, i.e. build is platform dependent!
2024-10-22 17:17:22,750 [Worker-45: Building] INFO  o.e.m.c.i.embedder.EclipseLogger - Copying 61 resources
2024-10-22 17:17:22,755 [Worker-45: Building] WARN  o.e.m.c.i.embedder.EclipseLogger - Using platform encoding (Cp1252 actually) to copy filtered resources, i.e. build is platform dependent!
2024-10-22 17:17:22,756 [Worker-45: Building] INFO  o.e.m.c.i.embedder.EclipseLogger - skip non existing resourceDirectory C:\Universidad\Cuarto Anyo Uni\TFG\Java\workSpace_Pacman_TFG\TFG-workspace\PacManEngine\src\test\resources
2024-10-22 17:17:56,302 [Worker-44: Launching ExecutorTestDataSet] WARN  o.e.m.c.i.embedder.EclipseLogger - Using platform encoding (Cp1252 actually) to copy filtered resources, i.e. build is platform dependent!
2024-10-22 17:17:56,306 [Worker-44: Launching ExecutorTestDataSet] INFO  o.e.m.c.i.embedder.EclipseLogger - Copying 61 resources
2024-10-22 17:17:56,311 [Worker-44: Launching ExecutorTestDataSet] WARN  o.e.m.c.i.embedder.EclipseLogger - Using platform encoding (Cp1252 actually) to copy filtered resources, i.e. build is platform dependent!
2024-10-22 17:17:56,312 [Worker-44: Launching ExecutorTestDataSet] INFO  o.e.m.c.i.embedder.EclipseLogger - skip non existing resourceDirectory C:\Universidad\Cuarto Anyo Uni\TFG\Java\workSpace_Pacman_TFG\TFG-workspace\PacManEngine\src\test\resources
